03/19/2014 13:18:21 - INFO -                         research subject mapper - Initializing redcap interface
03/19/2014 13:18:21 - INFO -                         research subject mapper - redcap interface initialzed
03/19/2014 13:18:21 - INFO -                         research subject mapper - getting data from redcap
03/19/2014 13:18:21 - DEBUG -                         research subject mapper - getting data from path : /api/
03/19/2014 13:18:21 - INFO -                         research subject mapper - ***********RESPONSE RECEIVED FROM REDCAP***********
03/19/2014 13:18:21 - DEBUG -                         research subject mapper - <?xml version="1.0" encoding="UTF-8" ?>
<records>
<item><dm_subjid><![CDATA[3]]></dm_subjid><redcap_event_name><![CDATA[1_arm_1]]></redcap_event_name><dm_usubjid><![CDATA[999-0003]]></dm_usubjid><dm_brthyr><![CDATA[1945]]></dm_brthyr><eot_dsstdtc/><dm_rfstdtc><![CDATA[2013-10-23]]></dm_rfstdtc></item>
<item><dm_subjid><![CDATA[4]]></dm_subjid><redcap_event_name><![CDATA[1_arm_1]]></redcap_event_name><dm_usubjid><![CDATA[999-0004]]></dm_usubjid><dm_brthyr><![CDATA[1977]]></dm_brthyr><eot_dsstdtc/><dm_rfstdtc/></item>
<item><dm_subjid><![CDATA[5]]></dm_subjid><redcap_event_name><![CDATA[1_arm_1]]></redcap_event_name><dm_usubjid><![CDATA[001-0005]]></dm_usubjid><dm_brthyr><![CDATA[1948]]></dm_brthyr><eot_dsstdtc/><dm_rfstdtc><![CDATA[2011-08-22]]></dm_rfstdtc></item>
<item><dm_subjid><![CDATA[5]]></dm_subjid><redcap_event_name><![CDATA[2_arm_1]]></redcap_event_name><dm_usubjid/><dm_brthyr/><eot_dsstdtc/><dm_rfstdtc/></item>
<item><dm_subjid><![CDATA[6]]></dm_subjid><redcap_event_name><![CDATA[1_arm_1]]></redcap_event_name><dm_usubjid><![CDATA[023-0023]]></dm_usubjid><dm_brthyr><![CDATA[1954]]></dm_brthyr><eot_dsstdtc/><dm_rfstdtc><![CDATA[2011-09-22]]></dm_rfstdtc></item>
<item><dm_subjid><![CDATA[7]]></dm_subjid><redcap_event_name><![CDATA[1_arm_1]]></redcap_event_name><dm_usubjid><![CDATA[023-0024]]></dm_usubjid><dm_brthyr><![CDATA[1944]]></dm_brthyr><eot_dsstdtc/><dm_rfstdtc><![CDATA[2011-08-25]]></dm_rfstdtc></item>
<item><dm_subjid><![CDATA[8]]></dm_subjid><redcap_event_name><![CDATA[1_arm_1]]></redcap_event_name><dm_usubjid><![CDATA[023-0025]]></dm_usubjid><dm_brthyr><![CDATA[1940]]></dm_brthyr><eot_dsstdtc/><dm_rfstdtc><![CDATA[2012-06-29]]></dm_rfstdtc></item>
<item><dm_subjid><![CDATA[8]]></dm_subjid><redcap_event_name><![CDATA[2_arm_1]]></redcap_event_name><dm_usubjid/><dm_brthyr/><eot_dsstdtc/><dm_rfstdtc/></item>
<item><dm_subjid><![CDATA[9]]></dm_subjid><redcap_event_name><![CDATA[1_arm_1]]></redcap_event_name><dm_usubjid><![CDATA[111-2222]]></dm_usubjid><dm_brthyr><![CDATA[2015]]></dm_brthyr><eot_dsstdtc/><dm_rfstdtc/></item>
<item><dm_subjid><![CDATA[10]]></dm_subjid><redcap_event_name><![CDATA[1_arm_1]]></redcap_event_name><dm_usubjid><![CDATA[999-5555]]></dm_usubjid><dm_brthyr><![CDATA[2015]]></dm_brthyr><eot_dsstdtc/><dm_rfstdtc><![CDATA[2011-12-09]]></dm_rfstdtc></item>
<item><dm_subjid><![CDATA[10]]></dm_subjid><redcap_event_name><![CDATA[2_arm_1]]></redcap_event_name><dm_usubjid/><dm_brthyr/><eot_dsstdtc/><dm_rfstdtc/></item>
<item><dm_subjid><![CDATA[10]]></dm_subjid><redcap_event_name><![CDATA[3_arm_1]]></redcap_event_name><dm_usubjid/><dm_brthyr/><eot_dsstdtc/><dm_rfstdtc/></item>
<item><dm_subjid><![CDATA[10]]></dm_subjid><redcap_event_name><![CDATA[4_arm_1]]></redcap_event_name><dm_usubjid/><dm_brthyr/><eot_dsstdtc/><dm_rfstdtc/></item>
<item><dm_subjid><![CDATA[11]]></dm_subjid><redcap_event_name><![CDATA[1_arm_1]]></redcap_event_name><dm_usubjid><![CDATA[999-5556]]></dm_usubjid><dm_brthyr><![CDATA[1954]]></dm_brthyr><eot_dsstdtc/><dm_rfstdtc><![CDATA[2012-01-05]]></dm_rfstdtc></item>
<item><dm_subjid><![CDATA[11]]></dm_subjid><redcap_event_name><![CDATA[2_arm_1]]></redcap_event_name><dm_usubjid/><dm_brthyr/><eot_dsstdtc/><dm_rfstdtc/></item>
<item><dm_subjid><![CDATA[11]]></dm_subjid><redcap_event_name><![CDATA[3_arm_1]]></redcap_event_name><dm_usubjid/><dm_brthyr/><eot_dsstdtc/><dm_rfstdtc/></item>
<item><dm_subjid><![CDATA[11]]></dm_subjid><redcap_event_name><![CDATA[4_arm_1]]></redcap_event_name><dm_usubjid/><dm_brthyr/><eot_dsstdtc/><dm_rfstdtc/></item>
<item><dm_subjid><![CDATA[11]]></dm_subjid><redcap_event_name><![CDATA[5_arm_1]]></redcap_event_name><dm_usubjid/><dm_brthyr/><eot_dsstdtc/><dm_rfstdtc/></item>
<item><dm_subjid><![CDATA[11]]></dm_subjid><redcap_event_name><![CDATA[6_arm_1]]></redcap_event_name><dm_usubjid/><dm_brthyr/><eot_dsstdtc/><dm_rfstdtc/></item>
<item><dm_subjid><![CDATA[11]]></dm_subjid><redcap_event_name><![CDATA[7_arm_1]]></redcap_event_name><dm_usubjid/><dm_brthyr/><eot_dsstdtc/><dm_rfstdtc/></item>
<item><dm_subjid><![CDATA[11]]></dm_subjid><redcap_event_name><![CDATA[8_arm_1]]></redcap_event_name><dm_usubjid/><dm_brthyr/><eot_dsstdtc/><dm_rfstdtc/></item>
<item><dm_subjid><![CDATA[11]]></dm_subjid><redcap_event_name><![CDATA[9_arm_1]]></redcap_event_name><dm_usubjid/><dm_brthyr/><eot_dsstdtc/><dm_rfstdtc/></item>
<item><dm_subjid><![CDATA[11]]></dm_subjid><redcap_event_name><![CDATA[10_arm_1]]></redcap_event_name><dm_usubjid/><dm_brthyr/><eot_dsstdtc/><dm_rfstdtc/></item>
<item><dm_subjid><![CDATA[11]]></dm_subjid><redcap_event_name><![CDATA[11_arm_1]]></redcap_event_name><dm_usubjid/><dm_brthyr/><eot_dsstdtc/><dm_rfstdtc/></item>
<item><dm_subjid><![CDATA[11]]></dm_subjid><redcap_event_name><![CDATA[12_arm_1]]></redcap_event_name><dm_usubjid/><dm_brthyr/><eot_dsstdtc/><dm_rfstdtc/></item>
<item><dm_subjid><![CDATA[11]]></dm_subjid><redcap_event_name><![CDATA[13_arm_1]]></redcap_event_name><dm_usubjid/><dm_brthyr/><eot_dsstdtc/><dm_rfstdtc/></item>
<item><dm_subjid><![CDATA[12]]></dm_subjid><redcap_event_name><![CDATA[1_arm_1]]></redcap_event_name><dm_usubjid><![CDATA[999-5557]]></dm_usubjid><dm_brthyr><![CDATA[1997]]></dm_brthyr><eot_dsstdtc/><dm_rfstdtc><![CDATA[2012-01-13]]></dm_rfstdtc></item>
<item><dm_subjid><![CDATA[12]]></dm_subjid><redcap_event_name><![CDATA[2_arm_1]]></redcap_event_name><dm_usubjid/><dm_brthyr/><eot_dsstdtc/><dm_rfstdtc/></item>
<item><dm_subjid><![CDATA[12]]></dm_subjid><redcap_event_name><![CDATA[3_arm_1]]></redcap_event_name><dm_usubjid/><dm_brthyr/><eot_dsstdtc/><dm_rfstdtc/></item>
<item><dm_subjid><![CDATA[13]]></dm_subjid><redcap_event_name><![CDATA[1_arm_1]]></redcap_event_name><dm_usubjid><![CDATA[999-5558]]></dm_usubjid><dm_brthyr><![CDATA[1999]]></dm_brthyr><eot_dsstdtc/><dm_rfstdtc><![CDATA[2012-06-01]]></dm_rfstdtc></item>
<item><dm_subjid><![CDATA[13]]></dm_subjid><redcap_event_name><![CDATA[2_arm_1]]></redcap_event_name><dm_usubjid/><dm_brthyr/><eot_dsstdtc/><dm_rfstdtc/></item>
<item><dm_subjid><![CDATA[13]]></dm_subjid><redcap_event_name><![CDATA[3_arm_1]]></redcap_event_name><dm_usubjid/><dm_brthyr/><eot_dsstdtc/><dm_rfstdtc/></item>
<item><dm_subjid><![CDATA[13]]></dm_subjid><redcap_event_name><![CDATA[4_arm_1]]></redcap_event_name><dm_usubjid/><dm_brthyr/><eot_dsstdtc/><dm_rfstdtc/></item>
<item><dm_subjid><![CDATA[14]]></dm_subjid><redcap_event_name><![CDATA[1_arm_1]]></redcap_event_name><dm_usubjid><![CDATA[999-5559]]></dm_usubjid><dm_brthyr><![CDATA[2012]]></dm_brthyr><eot_dsstdtc/><dm_rfstdtc><![CDATA[2013-10-31]]></dm_rfstdtc></item>
<item><dm_subjid><![CDATA[15]]></dm_subjid><redcap_event_name><![CDATA[1_arm_1]]></redcap_event_name><dm_usubjid><![CDATA[111-4444]]></dm_usubjid><dm_brthyr><![CDATA[1962]]></dm_brthyr><eot_dsstdtc/><dm_rfstdtc><![CDATA[2011-11-11]]></dm_rfstdtc></item>
<item><dm_subjid><![CDATA[16]]></dm_subjid><redcap_event_name><![CDATA[1_arm_1]]></redcap_event_name><dm_usubjid><![CDATA[111-6666]]></dm_usubjid><dm_brthyr><![CDATA[2015]]></dm_brthyr><eot_dsstdtc/><dm_rfstdtc><![CDATA[2011-10-30]]></dm_rfstdtc></item>
<item><dm_subjid><![CDATA[17]]></dm_subjid><redcap_event_name><![CDATA[1_arm_1]]></redcap_event_name><dm_usubjid><![CDATA[111-5555]]></dm_usubjid><dm_brthyr><![CDATA[1960]]></dm_brthyr><eot_dsstdtc/><dm_rfstdtc/></item>
<item><dm_subjid><![CDATA[18]]></dm_subjid><redcap_event_name><![CDATA[1_arm_1]]></redcap_event_name><dm_usubjid><![CDATA[999-5510]]></dm_usubjid><dm_brthyr/><eot_dsstdtc/><dm_rfstdtc><![CDATA[2011-10-03]]></dm_rfstdtc></item>
<item><dm_subjid><![CDATA[18]]></dm_subjid><redcap_event_name><![CDATA[2_arm_1]]></redcap_event_name><dm_usubjid/><dm_brthyr/><eot_dsstdtc/><dm_rfstdtc/></item>
<item><dm_subjid><![CDATA[18]]></dm_subjid><redcap_event_name><![CDATA[3_arm_1]]></redcap_event_name><dm_usubjid/><dm_brthyr/><eot_dsstdtc/><dm_rfstdtc/></item>
<item><dm_subjid><![CDATA[18]]></dm_subjid><redcap_event_name><![CDATA[4_arm_1]]></redcap_event_name><dm_usubjid/><dm_brthyr/><eot_dsstdtc/><dm_rfstdtc/></item>
<item><dm_subjid><![CDATA[18]]></dm_subjid><redcap_event_name><![CDATA[5_arm_1]]></redcap_event_name><dm_usubjid/><dm_brthyr/><eot_dsstdtc/><dm_rfstdtc/></item>
<item><dm_subjid><![CDATA[18]]></dm_subjid><redcap_event_name><![CDATA[6_arm_1]]></redcap_event_name><dm_usubjid/><dm_brthyr/><eot_dsstdtc/><dm_rfstdtc/></item>
<item><dm_subjid><![CDATA[18]]></dm_subjid><redcap_event_name><![CDATA[7_arm_1]]></redcap_event_name><dm_usubjid/><dm_brthyr/><eot_dsstdtc/><dm_rfstdtc/></item>
<item><dm_subjid><![CDATA[18]]></dm_subjid><redcap_event_name><![CDATA[8_arm_1]]></redcap_event_name><dm_usubjid/><dm_brthyr/><eot_dsstdtc/><dm_rfstdtc/></item>
<item><dm_subjid><![CDATA[18]]></dm_subjid><redcap_event_name><![CDATA[9_arm_1]]></redcap_event_name><dm_usubjid/><dm_brthyr/><eot_dsstdtc/><dm_rfstdtc/></item>
<item><dm_subjid><![CDATA[18]]></dm_subjid><redcap_event_name><![CDATA[10_arm_1]]></redcap_event_name><dm_usubjid/><dm_brthyr/><eot_dsstdtc/><dm_rfstdtc/></item>
<item><dm_subjid><![CDATA[19]]></dm_subjid><redcap_event_name><![CDATA[1_arm_1]]></redcap_event_name><dm_usubjid><![CDATA[111-7777]]></dm_usubjid><dm_brthyr><![CDATA[1960]]></dm_brthyr><eot_dsstdtc/><dm_rfstdtc><![CDATA[2014-01-25]]></dm_rfstdtc></item>
<item><dm_subjid><![CDATA[20]]></dm_subjid><redcap_event_name><![CDATA[1_arm_1]]></redcap_event_name><dm_usubjid><![CDATA[999-5511]]></dm_usubjid><dm_brthyr><![CDATA[2000]]></dm_brthyr><eot_dsstdtc/><dm_rfstdtc><![CDATA[2013-05-05]]></dm_rfstdtc></item>
<item><dm_subjid><![CDATA[21]]></dm_subjid><redcap_event_name><![CDATA[1_arm_1]]></redcap_event_name><dm_usubjid><![CDATA[999-5512]]></dm_usubjid><dm_brthyr><![CDATA[1950]]></dm_brthyr><eot_dsstdtc/><dm_rfstdtc><![CDATA[2012-11-29]]></dm_rfstdtc></item>
<item><dm_subjid><![CDATA[22]]></dm_subjid><redcap_event_name><![CDATA[1_arm_1]]></redcap_event_name><dm_usubjid><![CDATA[111-3333]]></dm_usubjid><dm_brthyr><![CDATA[1990]]></dm_brthyr><eot_dsstdtc/><dm_rfstdtc><![CDATA[2013-09-15]]></dm_rfstdtc></item>
<item><dm_subjid><![CDATA[23]]></dm_subjid><redcap_event_name><![CDATA[1_arm_1]]></redcap_event_name><dm_usubjid><![CDATA[999-5513]]></dm_usubjid><dm_brthyr><![CDATA[1950]]></dm_brthyr><eot_dsstdtc/><dm_rfstdtc><![CDATA[2013-05-05]]></dm_rfstdtc></item>
<item><dm_subjid><![CDATA[24]]></dm_subjid><redcap_event_name><![CDATA[1_arm_1]]></redcap_event_name><dm_usubjid><![CDATA[999-5514]]></dm_usubjid><dm_brthyr/><eot_dsstdtc/><dm_rfstdtc><![CDATA[2013-01-01]]></dm_rfstdtc></item>
<item><dm_subjid><![CDATA[25]]></dm_subjid><redcap_event_name><![CDATA[1_arm_1]]></redcap_event_name><dm_usubjid><![CDATA[999-5515]]></dm_usubjid><dm_brthyr/><eot_dsstdtc/><dm_rfstdtc><![CDATA[2013-01-01]]></dm_rfstdtc></item>
<item><dm_subjid><![CDATA[26]]></dm_subjid><redcap_event_name><![CDATA[1_arm_1]]></redcap_event_name><dm_usubjid><![CDATA[111-8888]]></dm_usubjid><dm_brthyr><![CDATA[1960]]></dm_brthyr><eot_dsstdtc/><dm_rfstdtc><![CDATA[2013-10-01]]></dm_rfstdtc></item>
<item><dm_subjid><![CDATA[27]]></dm_subjid><redcap_event_name><![CDATA[1_arm_1]]></redcap_event_name><dm_usubjid><![CDATA[999-5516]]></dm_usubjid><dm_brthyr/><eot_dsstdtc/><dm_rfstdtc><![CDATA[2013-01-01]]></dm_rfstdtc></item>
<item><dm_subjid><![CDATA[28]]></dm_subjid><redcap_event_name><![CDATA[1_arm_1]]></redcap_event_name><dm_usubjid><![CDATA[111-9999]]></dm_usubjid><dm_brthyr><![CDATA[1960]]></dm_brthyr><eot_dsstdtc/><dm_rfstdtc><![CDATA[2009-09-09]]></dm_rfstdtc></item>
<item><dm_subjid><![CDATA[29]]></dm_subjid><redcap_event_name><![CDATA[1_arm_1]]></redcap_event_name><dm_usubjid><![CDATA[999-5517]]></dm_usubjid><dm_brthyr/><eot_dsstdtc/><dm_rfstdtc><![CDATA[2012-11-11]]></dm_rfstdtc></item>
<item><dm_subjid><![CDATA[30]]></dm_subjid><redcap_event_name><![CDATA[1_arm_1]]></redcap_event_name><dm_usubjid><![CDATA[111-0000]]></dm_usubjid><dm_brthyr><![CDATA[1980]]></dm_brthyr><eot_dsstdtc/><dm_rfstdtc><![CDATA[2009-09-09]]></dm_rfstdtc></item>
<item><dm_subjid><![CDATA[31]]></dm_subjid><redcap_event_name><![CDATA[1_arm_1]]></redcap_event_name><dm_usubjid><![CDATA[999-5518]]></dm_usubjid><dm_brthyr/><eot_dsstdtc/><dm_rfstdtc><![CDATA[2013-01-01]]></dm_rfstdtc></item>
<item><dm_subjid><![CDATA[32]]></dm_subjid><redcap_event_name><![CDATA[1_arm_1]]></redcap_event_name><dm_usubjid><![CDATA[111-1112]]></dm_usubjid><dm_brthyr><![CDATA[1960]]></dm_brthyr><eot_dsstdtc/><dm_rfstdtc><![CDATA[2009-09-09]]></dm_rfstdtc></item>
<item><dm_subjid><![CDATA[33]]></dm_subjid><redcap_event_name><![CDATA[1_arm_1]]></redcap_event_name><dm_usubjid><![CDATA[999-5519]]></dm_usubjid><dm_brthyr/><eot_dsstdtc/><dm_rfstdtc><![CDATA[2012-12-29]]></dm_rfstdtc></item>
<item><dm_subjid><![CDATA[34]]></dm_subjid><redcap_event_name><![CDATA[1_arm_1]]></redcap_event_name><dm_usubjid><![CDATA[999-5520]]></dm_usubjid><dm_brthyr/><eot_dsstdtc/><dm_rfstdtc><![CDATA[2013-01-01]]></dm_rfstdtc></item>
<item><dm_subjid><![CDATA[35]]></dm_subjid><redcap_event_name><![CDATA[1_arm_1]]></redcap_event_name><dm_usubjid><![CDATA[111-1113]]></dm_usubjid><dm_brthyr><![CDATA[1920]]></dm_brthyr><eot_dsstdtc/><dm_rfstdtc><![CDATA[2009-09-09]]></dm_rfstdtc></item>
<item><dm_subjid><![CDATA[36]]></dm_subjid><redcap_event_name><![CDATA[1_arm_1]]></redcap_event_name><dm_usubjid/><dm_brthyr/><eot_dsstdtc/><dm_rfstdtc><![CDATA[2012-01-01]]></dm_rfstdtc></item>
<item><dm_subjid><![CDATA[37]]></dm_subjid><redcap_event_name><![CDATA[1_arm_1]]></redcap_event_name><dm_usubjid><![CDATA[999-5521]]></dm_usubjid><dm_brthyr/><eot_dsstdtc/><dm_rfstdtc><![CDATA[2013-01-01]]></dm_rfstdtc></item>
<item><dm_subjid><![CDATA[38]]></dm_subjid><redcap_event_name><![CDATA[1_arm_1]]></redcap_event_name><dm_usubjid><![CDATA[999-5522]]></dm_usubjid><dm_brthyr/><eot_dsstdtc/><dm_rfstdtc><![CDATA[2013-01-01]]></dm_rfstdtc></item>
<item><dm_subjid><![CDATA[39]]></dm_subjid><redcap_event_name><![CDATA[1_arm_1]]></redcap_event_name><dm_usubjid><![CDATA[111-1114]]></dm_usubjid><dm_brthyr/><eot_dsstdtc/><dm_rfstdtc><![CDATA[2012-01-01]]></dm_rfstdtc></item>
<item><dm_subjid><![CDATA[40]]></dm_subjid><redcap_event_name><![CDATA[1_arm_1]]></redcap_event_name><dm_usubjid><![CDATA[999-5523]]></dm_usubjid><dm_brthyr/><eot_dsstdtc/><dm_rfstdtc><![CDATA[2013-01-01]]></dm_rfstdtc></item>
<item><dm_subjid><![CDATA[41]]></dm_subjid><redcap_event_name><![CDATA[1_arm_1]]></redcap_event_name><dm_usubjid><![CDATA[111-1115]]></dm_usubjid><dm_brthyr/><eot_dsstdtc/><dm_rfstdtc><![CDATA[2009-09-09]]></dm_rfstdtc></item>
<item><dm_subjid><![CDATA[42]]></dm_subjid><redcap_event_name><![CDATA[1_arm_1]]></redcap_event_name><dm_usubjid/><dm_brthyr/><eot_dsstdtc/><dm_rfstdtc><![CDATA[2013-01-01]]></dm_rfstdtc></item>
<item><dm_subjid><![CDATA[43]]></dm_subjid><redcap_event_name><![CDATA[1_arm_1]]></redcap_event_name><dm_usubjid><![CDATA[111-1116]]></dm_usubjid><dm_brthyr/><eot_dsstdtc/><dm_rfstdtc><![CDATA[2009-09-09]]></dm_rfstdtc></item>
<item><dm_subjid><![CDATA[44]]></dm_subjid><redcap_event_name><![CDATA[1_arm_1]]></redcap_event_name><dm_usubjid><![CDATA[999-5524]]></dm_usubjid><dm_brthyr/><eot_dsstdtc/><dm_rfstdtc/></item>
<item><dm_subjid><![CDATA[45]]></dm_subjid><redcap_event_name><![CDATA[1_arm_1]]></redcap_event_name><dm_usubjid><![CDATA[999-5525]]></dm_usubjid><dm_brthyr/><eot_dsstdtc/><dm_rfstdtc/></item>
<item><dm_subjid><![CDATA[46]]></dm_subjid><redcap_event_name><![CDATA[1_arm_1]]></redcap_event_name><dm_usubjid><![CDATA[111-1117]]></dm_usubjid><dm_brthyr/><eot_dsstdtc/><dm_rfstdtc><![CDATA[2009-09-09]]></dm_rfstdtc></item>
<item><dm_subjid><![CDATA[47]]></dm_subjid><redcap_event_name><![CDATA[1_arm_1]]></redcap_event_name><dm_usubjid/><dm_brthyr/><eot_dsstdtc/><dm_rfstdtc/></item>
<item><dm_subjid><![CDATA[48]]></dm_subjid><redcap_event_name><![CDATA[1_arm_1]]></redcap_event_name><dm_usubjid><![CDATA[111-1119]]></dm_usubjid><dm_brthyr><![CDATA[1956]]></dm_brthyr><eot_dsstdtc/><dm_rfstdtc><![CDATA[2009-09-09]]></dm_rfstdtc></item>
<item><dm_subjid><![CDATA[49]]></dm_subjid><redcap_event_name><![CDATA[1_arm_1]]></redcap_event_name><dm_usubjid><![CDATA[111-1122]]></dm_usubjid><dm_brthyr><![CDATA[1960]]></dm_brthyr><eot_dsstdtc/><dm_rfstdtc><![CDATA[2011-01-01]]></dm_rfstdtc></item>
<item><dm_subjid><![CDATA[50]]></dm_subjid><redcap_event_name><![CDATA[1_arm_1]]></redcap_event_name><dm_usubjid><![CDATA[111-1133]]></dm_usubjid><dm_brthyr><![CDATA[2014]]></dm_brthyr><eot_dsstdtc/><dm_rfstdtc/></item>
<item><dm_subjid><![CDATA[51]]></dm_subjid><redcap_event_name><![CDATA[1_arm_1]]></redcap_event_name><dm_usubjid/><dm_brthyr/><eot_dsstdtc/><dm_rfstdtc/></item>
<item><dm_subjid><![CDATA[52]]></dm_subjid><redcap_event_name><![CDATA[1_arm_1]]></redcap_event_name><dm_usubjid><![CDATA[017-0301]]></dm_usubjid><dm_brthyr><![CDATA[1980]]></dm_brthyr><eot_dsstdtc/><dm_rfstdtc/></item>
<item><dm_subjid><![CDATA[52]]></dm_subjid><redcap_event_name><![CDATA[2_arm_1]]></redcap_event_name><dm_usubjid/><dm_brthyr/><eot_dsstdtc/><dm_rfstdtc/></item>
<item><dm_subjid><![CDATA[53]]></dm_subjid><redcap_event_name><![CDATA[1_arm_1]]></redcap_event_name><dm_usubjid/><dm_brthyr/><eot_dsstdtc/><dm_rfstdtc/></item>
<item><dm_subjid><![CDATA[54]]></dm_subjid><redcap_event_name><![CDATA[1_arm_1]]></redcap_event_name><dm_usubjid><![CDATA[111-1166]]></dm_usubjid><dm_brthyr><![CDATA[1960]]></dm_brthyr><eot_dsstdtc/><dm_rfstdtc><![CDATA[2009-09-09]]></dm_rfstdtc></item>
<item><dm_subjid><![CDATA[55]]></dm_subjid><redcap_event_name><![CDATA[1_arm_1]]></redcap_event_name><dm_usubjid><![CDATA[111-1177]]></dm_usubjid><dm_brthyr><![CDATA[1960]]></dm_brthyr><eot_dsstdtc/><dm_rfstdtc><![CDATA[2009-09-09]]></dm_rfstdtc></item>
<item><dm_subjid><![CDATA[56]]></dm_subjid><redcap_event_name><![CDATA[1_arm_1]]></redcap_event_name><dm_usubjid><![CDATA[999-0022]]></dm_usubjid><dm_brthyr><![CDATA[1972]]></dm_brthyr><eot_dsstdtc/><dm_rfstdtc/></item>
<item><dm_subjid><![CDATA[56]]></dm_subjid><redcap_event_name><![CDATA[2_arm_1]]></redcap_event_name><dm_usubjid/><dm_brthyr/><eot_dsstdtc/><dm_rfstdtc/></item>
<item><dm_subjid><![CDATA[57]]></dm_subjid><redcap_event_name><![CDATA[1_arm_1]]></redcap_event_name><dm_usubjid><![CDATA[999-0057]]></dm_usubjid><dm_brthyr><![CDATA[1960]]></dm_brthyr><eot_dsstdtc/><dm_rfstdtc/></item>
<item><dm_subjid><![CDATA[57]]></dm_subjid><redcap_event_name><![CDATA[11_arm_1]]></redcap_event_name><dm_usubjid/><dm_brthyr/><eot_dsstdtc/><dm_rfstdtc/></item>
<item><dm_subjid><![CDATA[58]]></dm_subjid><redcap_event_name><![CDATA[1_arm_1]]></redcap_event_name><dm_usubjid><![CDATA[017-0305]]></dm_usubjid><dm_brthyr/><eot_dsstdtc/><dm_rfstdtc/></item>
<item><dm_subjid><![CDATA[59]]></dm_subjid><redcap_event_name><![CDATA[1_arm_1]]></redcap_event_name><dm_usubjid/><dm_brthyr/><eot_dsstdtc/><dm_rfstdtc/></item>
<item><dm_subjid><![CDATA[59]]></dm_subjid><redcap_event_name><![CDATA[2_arm_1]]></redcap_event_name><dm_usubjid/><dm_brthyr/><eot_dsstdtc/><dm_rfstdtc/></item>
<item><dm_subjid><![CDATA[59]]></dm_subjid><redcap_event_name><![CDATA[3_arm_1]]></redcap_event_name><dm_usubjid/><dm_brthyr/><eot_dsstdtc/><dm_rfstdtc/></item>
<item><dm_subjid><![CDATA[59]]></dm_subjid><redcap_event_name><![CDATA[4_arm_1]]></redcap_event_name><dm_usubjid/><dm_brthyr/><eot_dsstdtc/><dm_rfstdtc/></item>
<item><dm_subjid><![CDATA[59]]></dm_subjid><redcap_event_name><![CDATA[5_arm_1]]></redcap_event_name><dm_usubjid/><dm_brthyr/><eot_dsstdtc/><dm_rfstdtc/></item>
<item><dm_subjid><![CDATA[59]]></dm_subjid><redcap_event_name><![CDATA[6_arm_1]]></redcap_event_name><dm_usubjid/><dm_brthyr/><eot_dsstdtc/><dm_rfstdtc/></item>
<item><dm_subjid><![CDATA[59]]></dm_subjid><redcap_event_name><![CDATA[7_arm_1]]></redcap_event_name><dm_usubjid/><dm_brthyr/><eot_dsstdtc/><dm_rfstdtc/></item>
<item><dm_subjid><![CDATA[59]]></dm_subjid><redcap_event_name><![CDATA[8_arm_1]]></redcap_event_name><dm_usubjid/><dm_brthyr/><eot_dsstdtc/><dm_rfstdtc/></item>
<item><dm_subjid><![CDATA[59]]></dm_subjid><redcap_event_name><![CDATA[9_arm_1]]></redcap_event_name><dm_usubjid/><dm_brthyr/><eot_dsstdtc/><dm_rfstdtc/></item>
<item><dm_subjid><![CDATA[59]]></dm_subjid><redcap_event_name><![CDATA[10_arm_1]]></redcap_event_name><dm_usubjid/><dm_brthyr/><eot_dsstdtc/><dm_rfstdtc/></item>
<item><dm_subjid><![CDATA[59]]></dm_subjid><redcap_event_name><![CDATA[11_arm_1]]></redcap_event_name><dm_usubjid/><dm_brthyr/><eot_dsstdtc/><dm_rfstdtc/></item>
<item><dm_subjid><![CDATA[59]]></dm_subjid><redcap_event_name><![CDATA[12_arm_1]]></redcap_event_name><dm_usubjid/><dm_brthyr/><eot_dsstdtc/><dm_rfstdtc/></item>
<item><dm_subjid><![CDATA[59]]></dm_subjid><redcap_event_name><![CDATA[13_arm_1]]></redcap_event_name><dm_usubjid/><dm_brthyr/><eot_dsstdtc/><dm_rfstdtc/></item>
<item><dm_subjid><![CDATA[59]]></dm_subjid><redcap_event_name><![CDATA[14_arm_1]]></redcap_event_name><dm_usubjid/><dm_brthyr/><eot_dsstdtc/><dm_rfstdtc/></item>
<item><dm_subjid><![CDATA[59]]></dm_subjid><redcap_event_name><![CDATA[15_arm_1]]></redcap_event_name><dm_usubjid/><dm_brthyr/><eot_dsstdtc/><dm_rfstdtc/></item>
<item><dm_subjid><![CDATA[59]]></dm_subjid><redcap_event_name><![CDATA[16_arm_1]]></redcap_event_name><dm_usubjid/><dm_brthyr/><eot_dsstdtc/><dm_rfstdtc/></item>
<item><dm_subjid><![CDATA[59]]></dm_subjid><redcap_event_name><![CDATA[17_arm_1]]></redcap_event_name><dm_usubjid/><dm_brthyr/><eot_dsstdtc/><dm_rfstdtc/></item>
<item><dm_subjid><![CDATA[59]]></dm_subjid><redcap_event_name><![CDATA[18_arm_1]]></redcap_event_name><dm_usubjid/><dm_brthyr/><eot_dsstdtc/><dm_rfstdtc/></item>
<item><dm_subjid><![CDATA[59]]></dm_subjid><redcap_event_name><![CDATA[19_arm_1]]></redcap_event_name><dm_usubjid/><dm_brthyr/><eot_dsstdtc/><dm_rfstdtc/></item>
<item><dm_subjid><![CDATA[59]]></dm_subjid><redcap_event_name><![CDATA[20_arm_1]]></redcap_event_name><dm_usubjid/><dm_brthyr/><eot_dsstdtc/><dm_rfstdtc/></item>
<item><dm_subjid><![CDATA[59]]></dm_subjid><redcap_event_name><![CDATA[21_arm_1]]></redcap_event_name><dm_usubjid/><dm_brthyr/><eot_dsstdtc/><dm_rfstdtc/></item>
<item><dm_subjid><![CDATA[59]]></dm_subjid><redcap_event_name><![CDATA[22_arm_1]]></redcap_event_name><dm_usubjid/><dm_brthyr/><eot_dsstdtc/><dm_rfstdtc/></item>
<item><dm_subjid><![CDATA[59]]></dm_subjid><redcap_event_name><![CDATA[23_arm_1]]></redcap_event_name><dm_usubjid/><dm_brthyr/><eot_dsstdtc/><dm_rfstdtc/></item>
<item><dm_subjid><![CDATA[59]]></dm_subjid><redcap_event_name><![CDATA[24_arm_1]]></redcap_event_name><dm_usubjid/><dm_brthyr/><eot_dsstdtc/><dm_rfstdtc/></item>
<item><dm_subjid><![CDATA[59]]></dm_subjid><redcap_event_name><![CDATA[25_arm_1]]></redcap_event_name><dm_usubjid/><dm_brthyr/><eot_dsstdtc/><dm_rfstdtc/></item>
<item><dm_subjid><![CDATA[59]]></dm_subjid><redcap_event_name><![CDATA[26_arm_1]]></redcap_event_name><dm_usubjid/><dm_brthyr/><eot_dsstdtc/><dm_rfstdtc/></item>
<item><dm_subjid><![CDATA[59]]></dm_subjid><redcap_event_name><![CDATA[27_arm_1]]></redcap_event_name><dm_usubjid/><dm_brthyr/><eot_dsstdtc/><dm_rfstdtc/></item>
<item><dm_subjid><![CDATA[59]]></dm_subjid><redcap_event_name><![CDATA[28_arm_1]]></redcap_event_name><dm_usubjid/><dm_brthyr/><eot_dsstdtc/><dm_rfstdtc/></item>
<item><dm_subjid><![CDATA[59]]></dm_subjid><redcap_event_name><![CDATA[29_arm_1]]></redcap_event_name><dm_usubjid/><dm_brthyr/><eot_dsstdtc/><dm_rfstdtc/></item>
<item><dm_subjid><![CDATA[59]]></dm_subjid><redcap_event_name><![CDATA[30_arm_1]]></redcap_event_name><dm_usubjid/><dm_brthyr/><eot_dsstdtc/><dm_rfstdtc/></item>
<item><dm_subjid><![CDATA[59]]></dm_subjid><redcap_event_name><![CDATA[31_arm_1]]></redcap_event_name><dm_usubjid/><dm_brthyr/><eot_dsstdtc/><dm_rfstdtc/></item>
<item><dm_subjid><![CDATA[59]]></dm_subjid><redcap_event_name><![CDATA[32_arm_1]]></redcap_event_name><dm_usubjid/><dm_brthyr/><eot_dsstdtc/><dm_rfstdtc/></item>
<item><dm_subjid><![CDATA[59]]></dm_subjid><redcap_event_name><![CDATA[33_arm_1]]></redcap_event_name><dm_usubjid/><dm_brthyr/><eot_dsstdtc/><dm_rfstdtc/></item>
<item><dm_subjid><![CDATA[59]]></dm_subjid><redcap_event_name><![CDATA[34_arm_1]]></redcap_event_name><dm_usubjid/><dm_brthyr/><eot_dsstdtc/><dm_rfstdtc/></item>
<item><dm_subjid><![CDATA[59]]></dm_subjid><redcap_event_name><![CDATA[35_arm_1]]></redcap_event_name><dm_usubjid/><dm_brthyr/><eot_dsstdtc/><dm_rfstdtc/></item>
<item><dm_subjid><![CDATA[59]]></dm_subjid><redcap_event_name><![CDATA[36_arm_1]]></redcap_event_name><dm_usubjid/><dm_brthyr/><eot_dsstdtc/><dm_rfstdtc/></item>
<item><dm_subjid><![CDATA[59]]></dm_subjid><redcap_event_name><![CDATA[37_arm_1]]></redcap_event_name><dm_usubjid/><dm_brthyr/><eot_dsstdtc/><dm_rfstdtc/></item>
<item><dm_subjid><![CDATA[59]]></dm_subjid><redcap_event_name><![CDATA[38_arm_1]]></redcap_event_name><dm_usubjid/><dm_brthyr/><eot_dsstdtc/><dm_rfstdtc/></item>
<item><dm_subjid><![CDATA[59]]></dm_subjid><redcap_event_name><![CDATA[39_arm_1]]></redcap_event_name><dm_usubjid/><dm_brthyr/><eot_dsstdtc/><dm_rfstdtc/></item>
<item><dm_subjid><![CDATA[60]]></dm_subjid><redcap_event_name><![CDATA[1_arm_1]]></redcap_event_name><dm_usubjid/><dm_brthyr/><eot_dsstdtc/><dm_rfstdtc/></item>
<item><dm_subjid><![CDATA[61]]></dm_subjid><redcap_event_name><![CDATA[1_arm_1]]></redcap_event_name><dm_usubjid/><dm_brthyr/><eot_dsstdtc/><dm_rfstdtc/></item>
<item><dm_subjid><![CDATA[61]]></dm_subjid><redcap_event_name><![CDATA[2_arm_1]]></redcap_event_name><dm_usubjid/><dm_brthyr/><eot_dsstdtc/><dm_rfstdtc/></item>
<item><dm_subjid><![CDATA[62]]></dm_subjid><redcap_event_name><![CDATA[1_arm_1]]></redcap_event_name><dm_usubjid><![CDATA[001-0062]]></dm_usubjid><dm_brthyr><![CDATA[1962]]></dm_brthyr><eot_dsstdtc/><dm_rfstdtc/></item>
<item><dm_subjid><![CDATA[63]]></dm_subjid><redcap_event_name><![CDATA[1_arm_1]]></redcap_event_name><dm_usubjid/><dm_brthyr/><eot_dsstdtc/><dm_rfstdtc/></item>
<item><dm_subjid><![CDATA[63]]></dm_subjid><redcap_event_name><![CDATA[2_arm_1]]></redcap_event_name><dm_usubjid/><dm_brthyr/><eot_dsstdtc/><dm_rfstdtc/></item>
<item><dm_subjid><![CDATA[63]]></dm_subjid><redcap_event_name><![CDATA[3_arm_1]]></redcap_event_name><dm_usubjid/><dm_brthyr/><eot_dsstdtc/><dm_rfstdtc/></item>
<item><dm_subjid><![CDATA[63]]></dm_subjid><redcap_event_name><![CDATA[4_arm_1]]></redcap_event_name><dm_usubjid/><dm_brthyr/><eot_dsstdtc/><dm_rfstdtc/></item>
<item><dm_subjid><![CDATA[63]]></dm_subjid><redcap_event_name><![CDATA[5_arm_1]]></redcap_event_name><dm_usubjid/><dm_brthyr/><eot_dsstdtc/><dm_rfstdtc/></item>
<item><dm_subjid><![CDATA[63]]></dm_subjid><redcap_event_name><![CDATA[6_arm_1]]></redcap_event_name><dm_usubjid/><dm_brthyr/><eot_dsstdtc/><dm_rfstdtc/></item>
<item><dm_subjid><![CDATA[63]]></dm_subjid><redcap_event_name><![CDATA[7_arm_1]]></redcap_event_name><dm_usubjid/><dm_brthyr/><eot_dsstdtc/><dm_rfstdtc/></item>
<item><dm_subjid><![CDATA[63]]></dm_subjid><redcap_event_name><![CDATA[8_arm_1]]></redcap_event_name><dm_usubjid/><dm_brthyr/><eot_dsstdtc/><dm_rfstdtc/></item>
<item><dm_subjid><![CDATA[63]]></dm_subjid><redcap_event_name><![CDATA[9_arm_1]]></redcap_event_name><dm_usubjid/><dm_brthyr/><eot_dsstdtc/><dm_rfstdtc/></item>
<item><dm_subjid><![CDATA[63]]></dm_subjid><redcap_event_name><![CDATA[10_arm_1]]></redcap_event_name><dm_usubjid/><dm_brthyr/><eot_dsstdtc/><dm_rfstdtc/></item>
<item><dm_subjid><![CDATA[63]]></dm_subjid><redcap_event_name><![CDATA[11_arm_1]]></redcap_event_name><dm_usubjid/><dm_brthyr/><eot_dsstdtc/><dm_rfstdtc/></item>
<item><dm_subjid><![CDATA[63]]></dm_subjid><redcap_event_name><![CDATA[12_arm_1]]></redcap_event_name><dm_usubjid/><dm_brthyr/><eot_dsstdtc/><dm_rfstdtc/></item>
<item><dm_subjid><![CDATA[64]]></dm_subjid><redcap_event_name><![CDATA[1_arm_1]]></redcap_event_name><dm_usubjid><![CDATA[999-0099]]></dm_usubjid><dm_brthyr/><eot_dsstdtc/><dm_rfstdtc/></item>
<item><dm_subjid><![CDATA[65]]></dm_subjid><redcap_event_name><![CDATA[1_arm_1]]></redcap_event_name><dm_usubjid><![CDATA[999-7777]]></dm_usubjid><dm_brthyr/><eot_dsstdtc/><dm_rfstdtc/></item>
<item><dm_subjid><![CDATA[66]]></dm_subjid><redcap_event_name><![CDATA[1_arm_1]]></redcap_event_name><dm_usubjid><![CDATA[999-7778]]></dm_usubjid><dm_brthyr/><eot_dsstdtc/><dm_rfstdtc/></item>
<item><dm_subjid><![CDATA[67]]></dm_subjid><redcap_event_name><![CDATA[1_arm_1]]></redcap_event_name><dm_usubjid><![CDATA[999-9999]]></dm_usubjid><dm_brthyr><![CDATA[1971]]></dm_brthyr><eot_dsstdtc/><dm_rfstdtc/></item>
<item><dm_subjid><![CDATA[68]]></dm_subjid><redcap_event_name><![CDATA[1_arm_1]]></redcap_event_name><dm_usubjid/><dm_brthyr/><eot_dsstdtc/><dm_rfstdtc/></item>
<item><dm_subjid><![CDATA[69]]></dm_subjid><redcap_event_name><![CDATA[1_arm_1]]></redcap_event_name><dm_usubjid><![CDATA[999-0000]]></dm_usubjid><dm_brthyr><![CDATA[1922]]></dm_brthyr><eot_dsstdtc/><dm_rfstdtc/></item>
<item><dm_subjid><![CDATA[70]]></dm_subjid><redcap_event_name><![CDATA[1_arm_1]]></redcap_event_name><dm_usubjid/><dm_brthyr/><eot_dsstdtc/><dm_rfstdtc/></item>
<item><dm_subjid><![CDATA[71]]></dm_subjid><redcap_event_name><![CDATA[1_arm_1]]></redcap_event_name><dm_usubjid><![CDATA[999-0991]]></dm_usubjid><dm_brthyr/><eot_dsstdtc/><dm_rfstdtc/></item>
<item><dm_subjid><![CDATA[72]]></dm_subjid><redcap_event_name><![CDATA[1_arm_1]]></redcap_event_name><dm_usubjid/><dm_brthyr/><eot_dsstdtc/><dm_rfstdtc/></item>
<item><dm_subjid><![CDATA[099-0090]]></dm_subjid><redcap_event_name><![CDATA[1_arm_1]]></redcap_event_name><dm_usubjid/><dm_brthyr/><eot_dsstdtc/><dm_rfstdtc/></item>
<item><dm_subjid><![CDATA[099-0090]]></dm_subjid><redcap_event_name><![CDATA[2_arm_1]]></redcap_event_name><dm_usubjid/><dm_brthyr/><eot_dsstdtc/><dm_rfstdtc/></item>
<item><dm_subjid><![CDATA[099-0090]]></dm_subjid><redcap_event_name><![CDATA[3_arm_1]]></redcap_event_name><dm_usubjid/><dm_brthyr/><eot_dsstdtc/><dm_rfstdtc/></item>
<item><dm_subjid><![CDATA[099-0090]]></dm_subjid><redcap_event_name><![CDATA[4_arm_1]]></redcap_event_name><dm_usubjid/><dm_brthyr/><eot_dsstdtc/><dm_rfstdtc/></item>
<item><dm_subjid><![CDATA[099-0090]]></dm_subjid><redcap_event_name><![CDATA[5_arm_1]]></redcap_event_name><dm_usubjid/><dm_brthyr/><eot_dsstdtc/><dm_rfstdtc/></item>
<item><dm_subjid><![CDATA[099-0090]]></dm_subjid><redcap_event_name><![CDATA[6_arm_1]]></redcap_event_name><dm_usubjid/><dm_brthyr/><eot_dsstdtc/><dm_rfstdtc/></item>
<item><dm_subjid><![CDATA[099-0090]]></dm_subjid><redcap_event_name><![CDATA[7_arm_1]]></redcap_event_name><dm_usubjid/><dm_brthyr/><eot_dsstdtc/><dm_rfstdtc/></item>
<item><dm_subjid><![CDATA[099-0090]]></dm_subjid><redcap_event_name><![CDATA[8_arm_1]]></redcap_event_name><dm_usubjid/><dm_brthyr/><eot_dsstdtc/><dm_rfstdtc/></item>
<item><dm_subjid><![CDATA[099-0090]]></dm_subjid><redcap_event_name><![CDATA[9_arm_1]]></redcap_event_name><dm_usubjid/><dm_brthyr/><eot_dsstdtc/><dm_rfstdtc/></item>
<item><dm_subjid><![CDATA[099-0090]]></dm_subjid><redcap_event_name><![CDATA[10_arm_1]]></redcap_event_name><dm_usubjid/><dm_brthyr/><eot_dsstdtc/><dm_rfstdtc/></item>
<item><dm_subjid><![CDATA[099-0090]]></dm_subjid><redcap_event_name><![CDATA[11_arm_1]]></redcap_event_name><dm_usubjid/><dm_brthyr/><eot_dsstdtc/><dm_rfstdtc/></item>
<item><dm_subjid><![CDATA[099-0090]]></dm_subjid><redcap_event_name><![CDATA[12_arm_1]]></redcap_event_name><dm_usubjid/><dm_brthyr/><eot_dsstdtc/><dm_rfstdtc/></item>
<item><dm_subjid><![CDATA[099-0090]]></dm_subjid><redcap_event_name><![CDATA[13_arm_1]]></redcap_event_name><dm_usubjid/><dm_brthyr/><eot_dsstdtc/><dm_rfstdtc/></item>
<item><dm_subjid><![CDATA[099-0090]]></dm_subjid><redcap_event_name><![CDATA[14_arm_1]]></redcap_event_name><dm_usubjid/><dm_brthyr/><eot_dsstdtc/><dm_rfstdtc/></item>
<item><dm_subjid><![CDATA[099-0090]]></dm_subjid><redcap_event_name><![CDATA[15_arm_1]]></redcap_event_name><dm_usubjid/><dm_brthyr/><eot_dsstdtc/><dm_rfstdtc/></item>
<item><dm_subjid><![CDATA[099-0090]]></dm_subjid><redcap_event_name><![CDATA[16_arm_1]]></redcap_event_name><dm_usubjid/><dm_brthyr/><eot_dsstdtc/><dm_rfstdtc/></item>
<item><dm_subjid><![CDATA[099-0090]]></dm_subjid><redcap_event_name><![CDATA[17_arm_1]]></redcap_event_name><dm_usubjid/><dm_brthyr/><eot_dsstdtc/><dm_rfstdtc/></item>
<item><dm_subjid><![CDATA[099-0090]]></dm_subjid><redcap_event_name><![CDATA[18_arm_1]]></redcap_event_name><dm_usubjid/><dm_brthyr/><eot_dsstdtc/><dm_rfstdtc/></item>
<item><dm_subjid><![CDATA[099-0090]]></dm_subjid><redcap_event_name><![CDATA[19_arm_1]]></redcap_event_name><dm_usubjid/><dm_brthyr/><eot_dsstdtc/><dm_rfstdtc/></item>
<item><dm_subjid><![CDATA[099-0090]]></dm_subjid><redcap_event_name><![CDATA[20_arm_1]]></redcap_event_name><dm_usubjid/><dm_brthyr/><eot_dsstdtc/><dm_rfstdtc/></item>
<item><dm_subjid><![CDATA[099-0090]]></dm_subjid><redcap_event_name><![CDATA[21_arm_1]]></redcap_event_name><dm_usubjid/><dm_brthyr/><eot_dsstdtc/><dm_rfstdtc/></item>
<item><dm_subjid><![CDATA[099-0090]]></dm_subjid><redcap_event_name><![CDATA[22_arm_1]]></redcap_event_name><dm_usubjid/><dm_brthyr/><eot_dsstdtc/><dm_rfstdtc/></item>
<item><dm_subjid><![CDATA[099-0090]]></dm_subjid><redcap_event_name><![CDATA[23_arm_1]]></redcap_event_name><dm_usubjid/><dm_brthyr/><eot_dsstdtc/><dm_rfstdtc/></item>
<item><dm_subjid><![CDATA[099-0090]]></dm_subjid><redcap_event_name><![CDATA[24_arm_1]]></redcap_event_name><dm_usubjid/><dm_brthyr/><eot_dsstdtc/><dm_rfstdtc/></item>
<item><dm_subjid><![CDATA[099-0090]]></dm_subjid><redcap_event_name><![CDATA[25_arm_1]]></redcap_event_name><dm_usubjid/><dm_brthyr/><eot_dsstdtc/><dm_rfstdtc/></item>
<item><dm_subjid><![CDATA[099-0090]]></dm_subjid><redcap_event_name><![CDATA[26_arm_1]]></redcap_event_name><dm_usubjid/><dm_brthyr/><eot_dsstdtc/><dm_rfstdtc/></item>
<item><dm_subjid><![CDATA[099-0090]]></dm_subjid><redcap_event_name><![CDATA[27_arm_1]]></redcap_event_name><dm_usubjid/><dm_brthyr/><eot_dsstdtc/><dm_rfstdtc/></item>
<item><dm_subjid><![CDATA[099-0090]]></dm_subjid><redcap_event_name><![CDATA[28_arm_1]]></redcap_event_name><dm_usubjid/><dm_brthyr/><eot_dsstdtc/><dm_rfstdtc/></item>
<item><dm_subjid><![CDATA[099-0090]]></dm_subjid><redcap_event_name><![CDATA[29_arm_1]]></redcap_event_name><dm_usubjid/><dm_brthyr/><eot_dsstdtc/><dm_rfstdtc/></item>
<item><dm_subjid><![CDATA[099-0090]]></dm_subjid><redcap_event_name><![CDATA[30_arm_1]]></redcap_event_name><dm_usubjid/><dm_brthyr/><eot_dsstdtc/><dm_rfstdtc/></item>
<item><dm_subjid><![CDATA[099-0090]]></dm_subjid><redcap_event_name><![CDATA[31_arm_1]]></redcap_event_name><dm_usubjid/><dm_brthyr/><eot_dsstdtc/><dm_rfstdtc/></item>
<item><dm_subjid><![CDATA[099-0090]]></dm_subjid><redcap_event_name><![CDATA[32_arm_1]]></redcap_event_name><dm_usubjid/><dm_brthyr/><eot_dsstdtc/><dm_rfstdtc/></item>
<item><dm_subjid><![CDATA[099-0090]]></dm_subjid><redcap_event_name><![CDATA[33_arm_1]]></redcap_event_name><dm_usubjid/><dm_brthyr/><eot_dsstdtc/><dm_rfstdtc/></item>
<item><dm_subjid><![CDATA[099-0090]]></dm_subjid><redcap_event_name><![CDATA[34_arm_1]]></redcap_event_name><dm_usubjid/><dm_brthyr/><eot_dsstdtc/><dm_rfstdtc/></item>
<item><dm_subjid><![CDATA[099-0090]]></dm_subjid><redcap_event_name><![CDATA[35_arm_1]]></redcap_event_name><dm_usubjid/><dm_brthyr/><eot_dsstdtc/><dm_rfstdtc/></item>
<item><dm_subjid><![CDATA[099-0090]]></dm_subjid><redcap_event_name><![CDATA[36_arm_1]]></redcap_event_name><dm_usubjid/><dm_brthyr/><eot_dsstdtc/><dm_rfstdtc/></item>
<item><dm_subjid><![CDATA[099-0090]]></dm_subjid><redcap_event_name><![CDATA[37_arm_1]]></redcap_event_name><dm_usubjid/><dm_brthyr/><eot_dsstdtc/><dm_rfstdtc/></item>
<item><dm_subjid><![CDATA[099-0090]]></dm_subjid><redcap_event_name><![CDATA[38_arm_1]]></redcap_event_name><dm_usubjid/><dm_brthyr/><eot_dsstdtc/><dm_rfstdtc/></item>
<item><dm_subjid><![CDATA[099-0090]]></dm_subjid><redcap_event_name><![CDATA[39_arm_1]]></redcap_event_name><dm_usubjid/><dm_brthyr/><eot_dsstdtc/><dm_rfstdtc/></item>
<item><dm_subjid><![CDATA[099-0091]]></dm_subjid><redcap_event_name><![CDATA[1_arm_1]]></redcap_event_name><dm_usubjid/><dm_brthyr/><eot_dsstdtc/><dm_rfstdtc/></item>
<item><dm_subjid><![CDATA[099-0092]]></dm_subjid><redcap_event_name><![CDATA[1_arm_1]]></redcap_event_name><dm_usubjid/><dm_brthyr/><eot_dsstdtc/><dm_rfstdtc/></item>
<item><dm_subjid><![CDATA[099-0092]]></dm_subjid><redcap_event_name><![CDATA[2_arm_1]]></redcap_event_name><dm_usubjid/><dm_brthyr/><eot_dsstdtc/><dm_rfstdtc/></item>
<item><dm_subjid><![CDATA[099-0094]]></dm_subjid><redcap_event_name><![CDATA[1_arm_1]]></redcap_event_name><dm_usubjid/><dm_brthyr/><eot_dsstdtc/><dm_rfstdtc/></item>
<item><dm_subjid><![CDATA[099-0094]]></dm_subjid><redcap_event_name><![CDATA[2_arm_1]]></redcap_event_name><dm_usubjid/><dm_brthyr/><eot_dsstdtc/><dm_rfstdtc/></item>
<item><dm_subjid><![CDATA[099-0094]]></dm_subjid><redcap_event_name><![CDATA[3_arm_1]]></redcap_event_name><dm_usubjid/><dm_brthyr/><eot_dsstdtc/><dm_rfstdtc/></item>
<item><dm_subjid><![CDATA[099-0094]]></dm_subjid><redcap_event_name><![CDATA[4_arm_1]]></redcap_event_name><dm_usubjid/><dm_brthyr/><eot_dsstdtc/><dm_rfstdtc/></item>
<item><dm_subjid><![CDATA[099-0094]]></dm_subjid><redcap_event_name><![CDATA[5_arm_1]]></redcap_event_name><dm_usubjid/><dm_brthyr/><eot_dsstdtc/><dm_rfstdtc/></item>
<item><dm_subjid><![CDATA[099-0094]]></dm_subjid><redcap_event_name><![CDATA[6_arm_1]]></redcap_event_name><dm_usubjid/><dm_brthyr/><eot_dsstdtc/><dm_rfstdtc/></item>
<item><dm_subjid><![CDATA[099-0094]]></dm_subjid><redcap_event_name><![CDATA[7_arm_1]]></redcap_event_name><dm_usubjid/><dm_brthyr/><eot_dsstdtc/><dm_rfstdtc/></item>
<item><dm_subjid><![CDATA[099-0094]]></dm_subjid><redcap_event_name><![CDATA[8_arm_1]]></redcap_event_name><dm_usubjid/><dm_brthyr/><eot_dsstdtc/><dm_rfstdtc/></item>
<item><dm_subjid><![CDATA[099-0094]]></dm_subjid><redcap_event_name><![CDATA[9_arm_1]]></redcap_event_name><dm_usubjid/><dm_brthyr/><eot_dsstdtc/><dm_rfstdtc/></item>
<item><dm_subjid><![CDATA[099-0094]]></dm_subjid><redcap_event_name><![CDATA[10_arm_1]]></redcap_event_name><dm_usubjid/><dm_brthyr/><eot_dsstdtc/><dm_rfstdtc/></item>
<item><dm_subjid><![CDATA[099-0094]]></dm_subjid><redcap_event_name><![CDATA[11_arm_1]]></redcap_event_name><dm_usubjid/><dm_brthyr/><eot_dsstdtc/><dm_rfstdtc/></item>
</records>

